2025-11-27T14:31:40.162+05:30  INFO 13524 --- [LMS-QueryService] [main] c.e.L.LmsQueryServiceApplication         : Starting LmsQueryServiceApplication using Java 21.0.8 with PID 13524 (C:\Users\Sreenivas Bandaru\Project-LMS\LMS-Project\LMS-QueryService\LMS-QueryService\target\classes started by Sreenivas Bandaru in C:\Users\Sreenivas Bandaru\Project-LMS\LMS-Project\LMS-QueryService)
2025-11-27T14:31:40.596+05:30  INFO 13524 --- [LMS-QueryService] [main] c.e.L.LmsQueryServiceApplication         : No active profile set, falling back to 1 default profile: "default"
2025-11-27T14:31:42.614+05:30  INFO 13524 --- [LMS-QueryService] [main] .s.d.r.c.RepositoryConfigurationDelegate : Bootstrapping Spring Data JPA repositories in DEFAULT mode.
2025-11-27T14:31:42.863+05:30  INFO 13524 --- [LMS-QueryService] [main] .s.d.r.c.RepositoryConfigurationDelegate : Finished Spring Data repository scanning in 182 ms. Found 8 JPA repository interfaces.
2025-11-27T14:31:43.371+05:30  INFO 13524 --- [LMS-QueryService] [main] o.s.cloud.context.scope.GenericScope     : BeanFactory id=1fc85fcf-f587-3620-9539-87daf9ce6189
2025-11-27T14:31:44.012+05:30  INFO 13524 --- [LMS-QueryService] [main] o.s.b.w.embedded.tomcat.TomcatWebServer  : Tomcat initialized with port 5558 (http)
2025-11-27T14:31:44.033+05:30  INFO 13524 --- [LMS-QueryService] [main] o.apache.catalina.core.StandardService   : Starting service [Tomcat]
2025-11-27T14:31:44.033+05:30  INFO 13524 --- [LMS-QueryService] [main] o.apache.catalina.core.StandardEngine    : Starting Servlet engine: [Apache Tomcat/10.1.48]
2025-11-27T14:31:44.157+05:30  INFO 13524 --- [LMS-QueryService] [main] o.a.c.c.C.[Tomcat].[localhost].[/]       : Initializing Spring embedded WebApplicationContext
2025-11-27T14:31:44.158+05:30  INFO 13524 --- [LMS-QueryService] [main] w.s.c.ServletWebServerApplicationContext : Root WebApplicationContext: initialization completed in 3503 ms
2025-11-27T14:31:44.580+05:30  INFO 13524 --- [LMS-QueryService] [main] o.hibernate.jpa.internal.util.LogHelper  : HHH000204: Processing PersistenceUnitInfo [name: default]
2025-11-27T14:31:44.684+05:30  INFO 13524 --- [LMS-QueryService] [main] org.hibernate.Version                    : HHH000412: Hibernate ORM core version 6.6.33.Final
2025-11-27T14:31:44.747+05:30  INFO 13524 --- [LMS-QueryService] [main] o.h.c.internal.RegionFactoryInitiator    : HHH000026: Second-level cache disabled
2025-11-27T14:31:45.179+05:30  INFO 13524 --- [LMS-QueryService] [main] o.s.o.j.p.SpringPersistenceUnitInfo      : No LoadTimeWeaver setup: ignoring JPA class transformer
2025-11-27T14:31:45.220+05:30  INFO 13524 --- [LMS-QueryService] [main] com.zaxxer.hikari.HikariDataSource       : HikariPool-1 - Starting...
2025-11-27T14:31:45.658+05:30  INFO 13524 --- [LMS-QueryService] [main] com.zaxxer.hikari.pool.HikariPool        : HikariPool-1 - Added connection oracle.jdbc.driver.T4CConnection@35af1558
2025-11-27T14:31:45.660+05:30  INFO 13524 --- [LMS-QueryService] [main] com.zaxxer.hikari.HikariDataSource       : HikariPool-1 - Start completed.
2025-11-27T14:31:45.818+05:30  WARN 13524 --- [LMS-QueryService] [main] org.hibernate.dialect.Dialect            : HHH000511: The 11.2.0 version for [org.hibernate.dialect.OracleDialect] is no longer supported, hence certain features may not work properly. The minimum supported version is 19.0.0. Check the community dialects project for available legacy versions.
2025-11-27T14:31:46.039+05:30  INFO 13524 --- [LMS-QueryService] [main] org.hibernate.orm.connections.pooling    : HHH10001005: Database info:
	Database JDBC URL [Connecting through datasource 'HikariDataSource (HikariPool-1)']
	Database driver: undefined/unknown
	Database version: 11.2
	Autocommit mode: undefined/unknown
	Isolation level: undefined/unknown
	Minimum pool size: undefined/unknown
	Maximum pool size: undefined/unknown
2025-11-27T14:31:47.546+05:30  INFO 13524 --- [LMS-QueryService] [main] o.h.e.t.j.p.i.JtaPlatformInitiator       : HHH000489: No JTA platform available (set 'hibernate.transaction.jta.platform' to enable JTA platform integration)
2025-11-27T14:31:51.414+05:30  INFO 13524 --- [LMS-QueryService] [main] j.LocalContainerEntityManagerFactoryBean : Initialized JPA EntityManagerFactory for persistence unit 'default'
2025-11-27T14:31:52.133+05:30  INFO 13524 --- [LMS-QueryService] [main] o.s.d.j.r.query.QueryEnhancerFactory     : Hibernate is in classpath; If applicable, HQL parser will be used.
2025-11-27T14:31:53.034+05:30  WARN 13524 --- [LMS-QueryService] [main] JpaBaseConfiguration$JpaWebConfiguration : spring.jpa.open-in-view is enabled by default. Therefore, database queries may be performed during view rendering. Explicitly configure spring.jpa.open-in-view to disable this warning
2025-11-27T14:31:53.164+05:30  INFO 13524 --- [LMS-QueryService] [main] r$InitializeUserDetailsManagerConfigurer : Global AuthenticationManager configured with UserDetailsService bean with name customUserDetailsService
2025-11-27T14:31:54.295+05:30  INFO 13524 --- [LMS-QueryService] [main] DiscoveryClientOptionalArgsConfiguration : Eureka HTTP Client uses RestTemplate.
2025-11-27T14:31:54.397+05:30  WARN 13524 --- [LMS-QueryService] [main] iguration$LoadBalancerCaffeineWarnLogger : Spring Cloud LoadBalancer is currently working with the default cache. While this cache implementation is useful for development and tests, it's recommended to use Caffeine cache in production.You can switch to using Caffeine cache, by adding it and org.springframework.cache.caffeine.CaffeineCacheManager to the classpath.
2025-11-27T14:31:54.541+05:30  INFO 13524 --- [LMS-QueryService] [main] o.s.c.n.eureka.InstanceInfoFactory       : Setting initial instance status as: STARTING
2025-11-27T14:31:54.589+05:30  INFO 13524 --- [LMS-QueryService] [main] com.netflix.discovery.DiscoveryClient    : Initializing Eureka in region us-east-1
2025-11-27T14:31:54.595+05:30  INFO 13524 --- [LMS-QueryService] [main] c.n.d.s.r.aws.ConfigClusterResolver      : Resolving eureka endpoints via configuration
2025-11-27T14:31:54.610+05:30  INFO 13524 --- [LMS-QueryService] [main] com.netflix.discovery.DiscoveryClient    : Disable delta property : false
2025-11-27T14:31:54.610+05:30  INFO 13524 --- [LMS-QueryService] [main] com.netflix.discovery.DiscoveryClient    : Single vip registry refresh property : null
2025-11-27T14:31:54.610+05:30  INFO 13524 --- [LMS-QueryService] [main] com.netflix.discovery.DiscoveryClient    : Force full registry fetch : false
2025-11-27T14:31:54.610+05:30  INFO 13524 --- [LMS-QueryService] [main] com.netflix.discovery.DiscoveryClient    : Application is null : false
2025-11-27T14:31:54.610+05:30  INFO 13524 --- [LMS-QueryService] [main] com.netflix.discovery.DiscoveryClient    : Registered Applications size is zero : true
2025-11-27T14:31:54.610+05:30  INFO 13524 --- [LMS-QueryService] [main] com.netflix.discovery.DiscoveryClient    : Application version is -1: true
2025-11-27T14:31:54.610+05:30  INFO 13524 --- [LMS-QueryService] [main] com.netflix.discovery.DiscoveryClient    : Getting all instance registry info from the eureka server
2025-11-27T14:31:55.271+05:30  INFO 13524 --- [LMS-QueryService] [main] com.netflix.discovery.DiscoveryClient    : The response status is 200
2025-11-27T14:31:55.278+05:30  INFO 13524 --- [LMS-QueryService] [main] com.netflix.discovery.DiscoveryClient    : Starting heartbeat executor: renew interval is: 30
2025-11-27T14:31:55.287+05:30  INFO 13524 --- [LMS-QueryService] [main] c.n.discovery.InstanceInfoReplicator     : InstanceInfoReplicator onDemand update allowed rate per min is 4
2025-11-27T14:31:55.293+05:30  INFO 13524 --- [LMS-QueryService] [main] com.netflix.discovery.DiscoveryClient    : Discovery Client initialized at timestamp 1764234115292 with initial instances count: 2
2025-11-27T14:31:55.304+05:30  INFO 13524 --- [LMS-QueryService] [main] o.s.c.n.e.s.EurekaServiceRegistry        : Registering application LMS-QUERYSERVICE with eureka with status UP
2025-11-27T14:31:55.305+05:30  INFO 13524 --- [LMS-QueryService] [main] com.netflix.discovery.DiscoveryClient    : Saw local status change event StatusChangeEvent [timestamp=1764234115305, current=UP, previous=STARTING]
2025-11-27T14:31:55.308+05:30  INFO 13524 --- [LMS-QueryService] [DiscoveryClient-InstanceInfoReplicator-%d] com.netflix.discovery.DiscoveryClient    : DiscoveryClient_LMS-QUERYSERVICE/192.168.1.154:LMS-QueryService:5558: registering service...
2025-11-27T14:31:55.338+05:30  INFO 13524 --- [LMS-QueryService] [main] o.s.b.w.embedded.tomcat.TomcatWebServer  : Tomcat started on port 5558 (http) with context path '/'
2025-11-27T14:31:55.339+05:30  INFO 13524 --- [LMS-QueryService] [main] .s.c.n.e.s.EurekaAutoServiceRegistration : Updating port to 5558
2025-11-27T14:31:55.359+05:30  INFO 13524 --- [LMS-QueryService] [main] c.e.L.LmsQueryServiceApplication         : Started LmsQueryServiceApplication in 16.11 seconds (process running for 13.103)
2025-11-27T14:31:55.394+05:30  INFO 13524 --- [LMS-QueryService] [DiscoveryClient-InstanceInfoReplicator-%d] com.netflix.discovery.DiscoveryClient    : DiscoveryClient_LMS-QUERYSERVICE/192.168.1.154:LMS-QueryService:5558 - registration status: 204
2025-11-27T14:34:50.491+05:30  INFO 13524 --- [LMS-QueryService] [http-nio-5558-exec-1] o.a.c.c.C.[Tomcat].[localhost].[/]       : Initializing Spring DispatcherServlet 'dispatcherServlet'
2025-11-27T14:34:50.491+05:30  INFO 13524 --- [LMS-QueryService] [http-nio-5558-exec-1] o.s.web.servlet.DispatcherServlet        : Initializing Servlet 'dispatcherServlet'
2025-11-27T14:34:50.493+05:30  INFO 13524 --- [LMS-QueryService] [http-nio-5558-exec-1] o.s.web.servlet.DispatcherServlet        : Completed initialization in 2 ms
2025-11-27T14:34:50.810+05:30  INFO 13524 --- [LMS-QueryService] [http-nio-5558-exec-1] c.e.L.security.JwtAuthenticationFilter   : user details: org.springframework.security.core.userdetails.User [Username=rahul, Password=[PROTECTED], Enabled=true, AccountNonExpired=true, CredentialsNonExpired=true, AccountNonLocked=true, Granted Authorities=[user]]
2025-11-27T14:34:50.848+05:30  INFO 13524 --- [LMS-QueryService] [http-nio-5558-exec-1] c.e.L.s.c.CustomerDetailsService         : Request For CustomerDetails of Customer Table ID 1
2025-11-27T14:34:50.925+05:30  INFO 13524 --- [LMS-QueryService] [http-nio-5558-exec-1] c.e.L.s.c.CustomerDetailsService         : Response For Customer Table ID 1 Is CustomerDetails(id=1, customerId=CUS101, firstName=Ritesh, lastName=Sherekar, dateOfBirth=1998-11-25, gender=Male, email=riteshsherekar69@gmail.com, phoneNumber=9896978054, status=ACTIVE, createdAt=2025-11-27T14:34:36.245295, updatedAt=null, customer=Customer(id=1, username=rahul, password=$2a$10$zyAoWCbySHhxguksxhb0r.BYRpO7qs23p6L0zh21tBPInIp5gMY.m, roles=[Role(id=1, roleName=user)]), address=CustomerAddress(id=1, addressLine1=House No 42, Green Park, addressLine2=Near Community Hall, city=Delhi, state=Delhi, pincode=110016, country=India), kycDetails=CustomerKyc(id=1, aadhaarNumber=495578902367, panNumber=XIBVB0876L, kycStatus=PENDING))
2025-11-27T14:35:41.283+05:30  INFO 13524 --- [LMS-QueryService] [http-nio-5558-exec-2] c.e.L.security.JwtAuthenticationFilter   : user details: org.springframework.security.core.userdetails.User [Username=rohit, Password=[PROTECTED], Enabled=true, AccountNonExpired=true, CredentialsNonExpired=true, AccountNonLocked=true, Granted Authorities=[manager]]
2025-11-27T14:35:41.288+05:30  INFO 13524 --- [LMS-QueryService] [http-nio-5558-exec-2] c.e.L.service.loan.LoanService           : Request For Loan of ID 1
2025-11-27T14:35:41.358+05:30  INFO 13524 --- [LMS-QueryService] [http-nio-5558-exec-2] c.e.L.service.loan.LoanService           : Response For ID 1 Is Loan(id=1, loanType=HomeLoan, loanAmount=750000.0, interestRate=8.0, tenureMonths=120, applicationDate=2025-11-27, approvalDate=null, loanStatus=PENDING, emiAmount=null, totalPayableAmount=null, remainingBalance=null, employmentType=private, monthlyIncome=50500.0, customerDetails=CustomerDetails(id=1, customerId=CUS101, firstName=Ritesh, lastName=Sherekar, dateOfBirth=1998-11-25, gender=Male, email=riteshsherekar69@gmail.com, phoneNumber=9896978054, status=ACTIVE, createdAt=2025-11-27T14:34:36.245295, updatedAt=null, customer=Customer(id=1, username=rahul, password=$2a$10$zyAoWCbySHhxguksxhb0r.BYRpO7qs23p6L0zh21tBPInIp5gMY.m, roles=[Role(id=1, roleName=user)]), address=CustomerAddress(id=1, addressLine1=House No 42, Green Park, addressLine2=Near Community Hall, city=Delhi, state=Delhi, pincode=110016, country=India), kycDetails=CustomerKyc(id=1, aadhaarNumber=495578902367, panNumber=XIBVB0876L, kycStatus=PENDING))) of Loan Object
2025-11-27T14:35:41.359+05:30  INFO 13524 --- [LMS-QueryService] [http-nio-5558-exec-2] c.e.L.service.loan.LoanService           : Response For ID 1 Is LoanDTOForResponse(id=1, loanType=HomeLoan, loanAmount=750000.0, interestRate=8.0, tenureMonths=120, applicationDate=2025-11-27, approvalDate=null, loanStatus=PENDING, emiAmount=null, totalPayableAmount=null, remainingBalance=null, employmentType=null, monthlyIncome=null, customerDetailsID=CUS101) of LoanDTO Object
2025-11-27T14:35:41.380+05:30  INFO 13524 --- [LMS-QueryService] [http-nio-5558-exec-3] c.e.L.security.JwtAuthenticationFilter   : user details: org.springframework.security.core.userdetails.User [Username=rohit, Password=[PROTECTED], Enabled=true, AccountNonExpired=true, CredentialsNonExpired=true, AccountNonLocked=true, Granted Authorities=[manager]]
2025-11-27T14:35:41.389+05:30  INFO 13524 --- [LMS-QueryService] [http-nio-5558-exec-3] c.e.L.s.c.CustomerDetailsService         : Request For CustomerDetails of Cus ID CUS101
2025-11-27T14:35:41.396+05:30  INFO 13524 --- [LMS-QueryService] [http-nio-5558-exec-3] c.e.L.s.c.CustomerDetailsService         : Response For Cus ID CUS101 Is CustomerDetails(id=1, customerId=CUS101, firstName=Ritesh, lastName=Sherekar, dateOfBirth=1998-11-25, gender=Male, email=riteshsherekar69@gmail.com, phoneNumber=9896978054, status=ACTIVE, createdAt=2025-11-27T14:34:36.245295, updatedAt=null, customer=Customer(id=1, username=rahul, password=$2a$10$zyAoWCbySHhxguksxhb0r.BYRpO7qs23p6L0zh21tBPInIp5gMY.m, roles=[Role(id=1, roleName=user)]), address=CustomerAddress(id=1, addressLine1=House No 42, Green Park, addressLine2=Near Community Hall, city=Delhi, state=Delhi, pincode=110016, country=India), kycDetails=CustomerKyc(id=1, aadhaarNumber=495578902367, panNumber=XIBVB0876L, kycStatus=PENDING))
2025-11-27T14:37:02.493+05:30  INFO 13524 --- [LMS-QueryService] [AsyncResolver-bootstrap-executor-%d] c.n.d.s.r.aws.ConfigClusterResolver      : Resolving eureka endpoints via configuration
2025-11-27T14:42:07.347+05:30  INFO 13524 --- [LMS-QueryService] [AsyncResolver-bootstrap-executor-%d] c.n.d.s.r.aws.ConfigClusterResolver      : Resolving eureka endpoints via configuration
2025-11-27T14:42:55.404+05:30  INFO 13524 --- [LMS-QueryService] [http-nio-5558-exec-10] c.e.L.security.JwtAuthenticationFilter   : user details: org.springframework.security.core.userdetails.User [Username=rahul, Password=[PROTECTED], Enabled=true, AccountNonExpired=true, CredentialsNonExpired=true, AccountNonLocked=true, Granted Authorities=[user]]
2025-11-27T14:42:55.408+05:30  INFO 13524 --- [LMS-QueryService] [http-nio-5558-exec-10] c.e.L.service.emi.EmiService             : Requesting For emi Details Base on Loan ID 1
2025-11-27T14:42:55.415+05:30  INFO 13524 --- [LMS-QueryService] [http-nio-5558-exec-10] c.e.L.service.emi.EmiService             : Response For Loan ID 1 is EMI(id=1, loanID=1, loanAmount=750000.0, interestRate=8.0, monthNumber=120, emiAmount=9099.57, totalInterest=341948.35, totalPayableAmount=1091948.35, dueDate=2025-11-27, status=Pending, createdAt=2025-11-27, updatedAt=null)
2025-11-27T14:47:12.794+05:30  INFO 13524 --- [LMS-QueryService] [AsyncResolver-bootstrap-executor-%d] c.n.d.s.r.aws.ConfigClusterResolver      : Resolving eureka endpoints via configuration
2025-11-27T14:49:36.122+05:30  INFO 13524 --- [LMS-QueryService] [http-nio-5558-exec-8] c.e.L.security.JwtAuthenticationFilter   : user details: org.springframework.security.core.userdetails.User [Username=rohit, Password=[PROTECTED], Enabled=true, AccountNonExpired=true, CredentialsNonExpired=true, AccountNonLocked=true, Granted Authorities=[user]]
2025-11-27T14:49:36.127+05:30  INFO 13524 --- [LMS-QueryService] [http-nio-5558-exec-8] c.e.L.s.c.CustomerDetailsService         : Request For CustomerDetails of Customer Table ID 3
2025-11-27T14:49:36.137+05:30  INFO 13524 --- [LMS-QueryService] [http-nio-5558-exec-8] c.e.L.s.c.CustomerDetailsService         : Response For Customer Table ID 3 Is CustomerDetails(id=1, customerId=CUS101, firstName=Ritesh, lastName=Sherekar, dateOfBirth=1998-11-25, gender=Male, email=riteshsherekar69@gmail.com, phoneNumber=9896978054, status=ACTIVE, createdAt=2025-11-27T14:49:30.802568, updatedAt=null, customer=Customer(id=3, username=rohit, password=$2a$10$3bnAmLhd6yE5CfqCv4WW9usc2GFGL0e9aoh1/4/K.q6eAm6SXFZ7S, roles=[Role(id=1, roleName=user)]), address=CustomerAddress(id=1, addressLine1=House No 42, Green Park, addressLine2=Near Community Hall, city=Delhi, state=Delhi, pincode=110016, country=India), kycDetails=CustomerKyc(id=1, aadhaarNumber=495578902367, panNumber=XIBVB0876L, kycStatus=PENDING))
2025-11-27T14:50:14.987+05:30  INFO 13524 --- [LMS-QueryService] [http-nio-5558-exec-1] c.e.L.security.JwtAuthenticationFilter   : user details: org.springframework.security.core.userdetails.User [Username=rahul, Password=[PROTECTED], Enabled=true, AccountNonExpired=true, CredentialsNonExpired=true, AccountNonLocked=true, Granted Authorities=[manager]]
2025-11-27T14:50:14.992+05:30  INFO 13524 --- [LMS-QueryService] [http-nio-5558-exec-1] c.e.L.service.loan.LoanService           : Request For Loan of ID 1
2025-11-27T14:50:15.002+05:30  INFO 13524 --- [LMS-QueryService] [http-nio-5558-exec-1] c.e.L.service.loan.LoanService           : Response For ID 1 Is Loan(id=1, loanType=HomeLoan, loanAmount=750000.0, interestRate=8.0, tenureMonths=120, applicationDate=2025-11-27, approvalDate=null, loanStatus=PENDING, emiAmount=null, totalPayableAmount=null, remainingBalance=null, employmentType=private, monthlyIncome=50500.0, customerDetails=CustomerDetails(id=1, customerId=CUS101, firstName=Ritesh, lastName=Sherekar, dateOfBirth=1998-11-25, gender=Male, email=riteshsherekar69@gmail.com, phoneNumber=9896978054, status=ACTIVE, createdAt=2025-11-27T14:49:30.802568, updatedAt=null, customer=Customer(id=3, username=rohit, password=$2a$10$3bnAmLhd6yE5CfqCv4WW9usc2GFGL0e9aoh1/4/K.q6eAm6SXFZ7S, roles=[Role(id=1, roleName=user)]), address=CustomerAddress(id=1, addressLine1=House No 42, Green Park, addressLine2=Near Community Hall, city=Delhi, state=Delhi, pincode=110016, country=India), kycDetails=CustomerKyc(id=1, aadhaarNumber=495578902367, panNumber=XIBVB0876L, kycStatus=PENDING))) of Loan Object
2025-11-27T14:50:15.003+05:30  INFO 13524 --- [LMS-QueryService] [http-nio-5558-exec-1] c.e.L.service.loan.LoanService           : Response For ID 1 Is LoanDTOForResponse(id=1, loanType=HomeLoan, loanAmount=750000.0, interestRate=8.0, tenureMonths=120, applicationDate=2025-11-27, approvalDate=null, loanStatus=PENDING, emiAmount=null, totalPayableAmount=null, remainingBalance=null, employmentType=null, monthlyIncome=null, customerDetailsID=CUS101) of LoanDTO Object
2025-11-27T14:50:15.018+05:30  INFO 13524 --- [LMS-QueryService] [http-nio-5558-exec-2] c.e.L.security.JwtAuthenticationFilter   : user details: org.springframework.security.core.userdetails.User [Username=rahul, Password=[PROTECTED], Enabled=true, AccountNonExpired=true, CredentialsNonExpired=true, AccountNonLocked=true, Granted Authorities=[manager]]
2025-11-27T14:50:15.022+05:30  INFO 13524 --- [LMS-QueryService] [http-nio-5558-exec-2] c.e.L.s.c.CustomerDetailsService         : Request For CustomerDetails of Cus ID CUS101
2025-11-27T14:50:15.029+05:30  INFO 13524 --- [LMS-QueryService] [http-nio-5558-exec-2] c.e.L.s.c.CustomerDetailsService         : Response For Cus ID CUS101 Is CustomerDetails(id=1, customerId=CUS101, firstName=Ritesh, lastName=Sherekar, dateOfBirth=1998-11-25, gender=Male, email=riteshsherekar69@gmail.com, phoneNumber=9896978054, status=ACTIVE, createdAt=2025-11-27T14:49:30.802568, updatedAt=null, customer=Customer(id=3, username=rohit, password=$2a$10$3bnAmLhd6yE5CfqCv4WW9usc2GFGL0e9aoh1/4/K.q6eAm6SXFZ7S, roles=[Role(id=1, roleName=user)]), address=CustomerAddress(id=1, addressLine1=House No 42, Green Park, addressLine2=Near Community Hall, city=Delhi, state=Delhi, pincode=110016, country=India), kycDetails=CustomerKyc(id=1, aadhaarNumber=495578902367, panNumber=XIBVB0876L, kycStatus=PENDING))
2025-11-27T14:52:18.188+05:30  INFO 13524 --- [LMS-QueryService] [AsyncResolver-bootstrap-executor-%d] c.n.d.s.r.aws.ConfigClusterResolver      : Resolving eureka endpoints via configuration
2025-11-27T14:57:23.318+05:30  INFO 13524 --- [LMS-QueryService] [AsyncResolver-bootstrap-executor-%d] c.n.d.s.r.aws.ConfigClusterResolver      : Resolving eureka endpoints via configuration
2025-11-27T15:02:29.656+05:30  INFO 13524 --- [LMS-QueryService] [AsyncResolver-bootstrap-executor-%d] c.n.d.s.r.aws.ConfigClusterResolver      : Resolving eureka endpoints via configuration
2025-11-27T15:07:34.193+05:30  INFO 13524 --- [LMS-QueryService] [AsyncResolver-bootstrap-executor-%d] c.n.d.s.r.aws.ConfigClusterResolver      : Resolving eureka endpoints via configuration
2025-11-27T15:12:41.156+05:30  INFO 13524 --- [LMS-QueryService] [AsyncResolver-bootstrap-executor-%d] c.n.d.s.r.aws.ConfigClusterResolver      : Resolving eureka endpoints via configuration
2025-11-27T15:17:46.385+05:30  INFO 13524 --- [LMS-QueryService] [AsyncResolver-bootstrap-executor-%d] c.n.d.s.r.aws.ConfigClusterResolver      : Resolving eureka endpoints via configuration
2025-11-27T15:22:53.871+05:30  INFO 13524 --- [LMS-QueryService] [AsyncResolver-bootstrap-executor-%d] c.n.d.s.r.aws.ConfigClusterResolver      : Resolving eureka endpoints via configuration
2025-11-27T15:27:55.509+05:30  INFO 13524 --- [LMS-QueryService] [AsyncResolver-bootstrap-executor-%d] c.n.d.s.r.aws.ConfigClusterResolver      : Resolving eureka endpoints via configuration
2025-11-27T15:33:03.235+05:30  INFO 13524 --- [LMS-QueryService] [AsyncResolver-bootstrap-executor-%d] c.n.d.s.r.aws.ConfigClusterResolver      : Resolving eureka endpoints via configuration
2025-11-27T15:38:04.831+05:30  INFO 13524 --- [LMS-QueryService] [AsyncResolver-bootstrap-executor-%d] c.n.d.s.r.aws.ConfigClusterResolver      : Resolving eureka endpoints via configuration
2025-11-27T15:43:16.929+05:30  INFO 13524 --- [LMS-QueryService] [AsyncResolver-bootstrap-executor-%d] c.n.d.s.r.aws.ConfigClusterResolver      : Resolving eureka endpoints via configuration
2025-11-27T15:48:21.678+05:30  INFO 13524 --- [LMS-QueryService] [AsyncResolver-bootstrap-executor-%d] c.n.d.s.r.aws.ConfigClusterResolver      : Resolving eureka endpoints via configuration
2025-11-27T15:53:32.158+05:30  INFO 13524 --- [LMS-QueryService] [AsyncResolver-bootstrap-executor-%d] c.n.d.s.r.aws.ConfigClusterResolver      : Resolving eureka endpoints via configuration
2025-11-27T15:58:24.107+05:30  INFO 13524 --- [LMS-QueryService] [AsyncResolver-bootstrap-executor-%d] c.n.d.s.r.aws.ConfigClusterResolver      : Resolving eureka endpoints via configuration
2025-11-27T16:03:28.967+05:30  INFO 13524 --- [LMS-QueryService] [AsyncResolver-bootstrap-executor-%d] c.n.d.s.r.aws.ConfigClusterResolver      : Resolving eureka endpoints via configuration
2025-11-27T16:08:46.561+05:30  INFO 13524 --- [LMS-QueryService] [AsyncResolver-bootstrap-executor-%d] c.n.d.s.r.aws.ConfigClusterResolver      : Resolving eureka endpoints via configuration
2025-11-27T16:13:51.128+05:30  INFO 13524 --- [LMS-QueryService] [AsyncResolver-bootstrap-executor-%d] c.n.d.s.r.aws.ConfigClusterResolver      : Resolving eureka endpoints via configuration
2025-11-27T16:18:48.470+05:30  INFO 13524 --- [LMS-QueryService] [AsyncResolver-bootstrap-executor-%d] c.n.d.s.r.aws.ConfigClusterResolver      : Resolving eureka endpoints via configuration
2025-11-27T16:23:52.036+05:30  INFO 13524 --- [LMS-QueryService] [AsyncResolver-bootstrap-executor-%d] c.n.d.s.r.aws.ConfigClusterResolver      : Resolving eureka endpoints via configuration
2025-11-27T16:28:57.387+05:30  INFO 13524 --- [LMS-QueryService] [AsyncResolver-bootstrap-executor-%d] c.n.d.s.r.aws.ConfigClusterResolver      : Resolving eureka endpoints via configuration
2025-11-27T16:34:03.852+05:30  INFO 13524 --- [LMS-QueryService] [AsyncResolver-bootstrap-executor-%d] c.n.d.s.r.aws.ConfigClusterResolver      : Resolving eureka endpoints via configuration
2025-11-27T16:39:11.388+05:30  INFO 13524 --- [LMS-QueryService] [AsyncResolver-bootstrap-executor-%d] c.n.d.s.r.aws.ConfigClusterResolver      : Resolving eureka endpoints via configuration
2025-11-27T16:44:12.162+05:30  INFO 13524 --- [LMS-QueryService] [AsyncResolver-bootstrap-executor-%d] c.n.d.s.r.aws.ConfigClusterResolver      : Resolving eureka endpoints via configuration
2025-11-27T16:49:18.891+05:30  INFO 13524 --- [LMS-QueryService] [AsyncResolver-bootstrap-executor-%d] c.n.d.s.r.aws.ConfigClusterResolver      : Resolving eureka endpoints via configuration
2025-11-27T16:54:26.703+05:30  INFO 13524 --- [LMS-QueryService] [AsyncResolver-bootstrap-executor-%d] c.n.d.s.r.aws.ConfigClusterResolver      : Resolving eureka endpoints via configuration
2025-11-27T16:59:32.032+05:30  INFO 13524 --- [LMS-QueryService] [AsyncResolver-bootstrap-executor-%d] c.n.d.s.r.aws.ConfigClusterResolver      : Resolving eureka endpoints via configuration
2025-11-27T17:04:38.427+05:30  INFO 13524 --- [LMS-QueryService] [AsyncResolver-bootstrap-executor-%d] c.n.d.s.r.aws.ConfigClusterResolver      : Resolving eureka endpoints via configuration
2025-11-27T17:09:42.078+05:30  INFO 13524 --- [LMS-QueryService] [AsyncResolver-bootstrap-executor-%d] c.n.d.s.r.aws.ConfigClusterResolver      : Resolving eureka endpoints via configuration
2025-11-27T17:14:46.567+05:30  INFO 13524 --- [LMS-QueryService] [AsyncResolver-bootstrap-executor-%d] c.n.d.s.r.aws.ConfigClusterResolver      : Resolving eureka endpoints via configuration
2025-11-27T17:19:51.913+05:30  INFO 13524 --- [LMS-QueryService] [AsyncResolver-bootstrap-executor-%d] c.n.d.s.r.aws.ConfigClusterResolver      : Resolving eureka endpoints via configuration
2025-11-27T17:24:57.716+05:30  INFO 13524 --- [LMS-QueryService] [AsyncResolver-bootstrap-executor-%d] c.n.d.s.r.aws.ConfigClusterResolver      : Resolving eureka endpoints via configuration
2025-11-27T17:30:04.100+05:30  INFO 13524 --- [LMS-QueryService] [AsyncResolver-bootstrap-executor-%d] c.n.d.s.r.aws.ConfigClusterResolver      : Resolving eureka endpoints via configuration
2025-11-27T17:35:08.486+05:30  INFO 13524 --- [LMS-QueryService] [AsyncResolver-bootstrap-executor-%d] c.n.d.s.r.aws.ConfigClusterResolver      : Resolving eureka endpoints via configuration
2025-11-27T17:40:12.974+05:30  INFO 13524 --- [LMS-QueryService] [AsyncResolver-bootstrap-executor-%d] c.n.d.s.r.aws.ConfigClusterResolver      : Resolving eureka endpoints via configuration
2025-11-27T17:45:18.801+05:30  INFO 13524 --- [LMS-QueryService] [AsyncResolver-bootstrap-executor-%d] c.n.d.s.r.aws.ConfigClusterResolver      : Resolving eureka endpoints via configuration
2025-11-27T17:50:25.053+05:30  INFO 13524 --- [LMS-QueryService] [AsyncResolver-bootstrap-executor-%d] c.n.d.s.r.aws.ConfigClusterResolver      : Resolving eureka endpoints via configuration
2025-11-27T17:55:33.404+05:30  INFO 13524 --- [LMS-QueryService] [AsyncResolver-bootstrap-executor-%d] c.n.d.s.r.aws.ConfigClusterResolver      : Resolving eureka endpoints via configuration
2025-11-27T18:00:33.876+05:30  INFO 13524 --- [LMS-QueryService] [AsyncResolver-bootstrap-executor-%d] c.n.d.s.r.aws.ConfigClusterResolver      : Resolving eureka endpoints via configuration
2025-11-27T18:05:40.681+05:30  INFO 13524 --- [LMS-QueryService] [AsyncResolver-bootstrap-executor-%d] c.n.d.s.r.aws.ConfigClusterResolver      : Resolving eureka endpoints via configuration
2025-11-27T18:10:46.140+05:30  INFO 13524 --- [LMS-QueryService] [AsyncResolver-bootstrap-executor-%d] c.n.d.s.r.aws.ConfigClusterResolver      : Resolving eureka endpoints via configuration
2025-11-27T18:15:48.716+05:30  INFO 13524 --- [LMS-QueryService] [AsyncResolver-bootstrap-executor-%d] c.n.d.s.r.aws.ConfigClusterResolver      : Resolving eureka endpoints via configuration
2025-11-27T18:20:56.719+05:30  INFO 13524 --- [LMS-QueryService] [AsyncResolver-bootstrap-executor-%d] c.n.d.s.r.aws.ConfigClusterResolver      : Resolving eureka endpoints via configuration
2025-11-27T18:26:02.381+05:30  INFO 13524 --- [LMS-QueryService] [AsyncResolver-bootstrap-executor-%d] c.n.d.s.r.aws.ConfigClusterResolver      : Resolving eureka endpoints via configuration
2025-11-27T18:31:08.346+05:30  INFO 13524 --- [LMS-QueryService] [AsyncResolver-bootstrap-executor-%d] c.n.d.s.r.aws.ConfigClusterResolver      : Resolving eureka endpoints via configuration
2025-11-27T18:36:12.093+05:30  INFO 13524 --- [LMS-QueryService] [AsyncResolver-bootstrap-executor-%d] c.n.d.s.r.aws.ConfigClusterResolver      : Resolving eureka endpoints via configuration
2025-11-27T18:41:17.301+05:30  INFO 13524 --- [LMS-QueryService] [AsyncResolver-bootstrap-executor-%d] c.n.d.s.r.aws.ConfigClusterResolver      : Resolving eureka endpoints via configuration
2025-11-27T18:46:23.592+05:30  INFO 13524 --- [LMS-QueryService] [AsyncResolver-bootstrap-executor-%d] c.n.d.s.r.aws.ConfigClusterResolver      : Resolving eureka endpoints via configuration
